<?xml version="1.0" encoding="UTF-8"?>
<testsuite xmlns:xsi="http://www.w3.org/2001/XMLSchema-instance" xsi:noNamespaceSchemaLocation="https://maven.apache.org/surefire/maven-surefire-plugin/xsd/surefire-test-report-3.0.xsd" version="3.0" name="TestSuite" time="46.2" tests="1" errors="0" skipped="0" failures="0">
  <properties>
[...]
</properties>
  <testcase name="runScenarios[&quot;Place an order by selecting two different products from the sub category&quot;, &quot;Optional[Place an order for two items]&quot;](1)" classname="test.Runners.TestRunner" time="41.481">
    <system-out><![CDATA[
@orderTwoProducts
Scenario: Place an order by selecting two different products from the sub category &amp#27;[90m# src/test/resources/features/PlaceOrder.feature:5&amp#27;[0m
2021-04-09 07:23:59 INFO  Shopping:61 - Browser Launched Successfully
  &amp#27;[32mGiven &amp#27;[0m&amp#27;[32mUser launches the website&amp#27;[0m                                                  &amp#27;[90m# stepDefinition.PlaceOrder.user_launches_the_website()&amp#27;[0m
2021-04-09 07:24:01 INFO  Shopping:106 - Successfully clicked on element
2021-04-09 07:24:01 INFO  Shopping:132 - Successfully selected subCategory: CASUAL DRESSES
  &amp#27;[32mWhen &amp#27;[0m&amp#27;[32mUser selects the sub category from main category&amp#27;[0m                            &amp#27;[90m# stepDefinition.PlaceOrder.user_selects_the_sub_cataegory_from_main_category(io.cucumber.datatable.DataTable)&amp#27;[0m
2021-04-09 07:24:02 INFO  Shopping:106 - Successfully clicked on element
2021-04-09 07:24:02 INFO  Shopping:30 - Successfully clicked on addToCart button
  &amp#27;[32mAnd &amp#27;[0m&amp#27;[32mUser adds product &amp#27;[0m&amp#27;[32m&amp#27;[1m"Printed Dress"&amp#27;[0m&amp#27;[32m to the cart&amp#27;[0m                                &amp#27;[90m# stepDefinition.PlaceOrder.user_adds_product_to_the_cart(java.lang.String)&amp#27;[0m
2021-04-09 07:24:03 INFO  Shopping:106 - Successfully clicked on element
  &amp#27;[32mAnd &amp#27;[0m&amp#27;[32mUser clicks on Continue Shopping&amp#27;[0m                                             &amp#27;[90m# stepDefinition.PlaceOrder.user_clicks_on_continue_shopping()&amp#27;[0m
2021-04-09 07:24:06 INFO  Shopping:106 - Successfully clicked on element
2021-04-09 07:24:06 INFO  Shopping:132 - Successfully selected subCategory: Blouses
  &amp#27;[32mAnd &amp#27;[0m&amp#27;[32mUser selects the sub category from main category&amp#27;[0m                             &amp#27;[90m# stepDefinition.PlaceOrder.user_selects_the_sub_cataegory_from_main_category(io.cucumber.datatable.DataTable)&amp#27;[0m
2021-04-09 07:24:06 INFO  Shopping:106 - Successfully clicked on element
2021-04-09 07:24:06 INFO  Shopping:30 - Successfully clicked on addToCart button
  &amp#27;[32mAnd &amp#27;[0m&amp#27;[32mUser adds product &amp#27;[0m&amp#27;[32m&amp#27;[1m"Blouse"&amp#27;[0m&amp#27;[32m to the cart&amp#27;[0m                                       &amp#27;[90m# stepDefinition.PlaceOrder.user_adds_product_to_the_cart(java.lang.String)&amp#27;[0m
2021-04-09 07:24:09 INFO  Shopping:106 - Successfully clicked on element
  &amp#27;[32mAnd &amp#27;[0m&amp#27;[32mUser clicks on Proceed to checkout&amp#27;[0m                                           &amp#27;[90m# stepDefinition.PlaceOrder.user_clicks_on_proceed_to_checkout()&amp#27;[0m
2021-04-09 07:24:10 INFO  Shopping:44 - Successfully verified product quantity in cart: 2
  &amp#27;[32mAnd &amp#27;[0m&amp#27;[32mUser verifies product quantiy in the cart&amp#27;[0m                                    &amp#27;[90m# stepDefinition.PlaceOrder.user_verifies_product_quantity_in_the_cart()&amp#27;[0m
2021-04-09 07:24:13 INFO  Shopping:106 - Successfully clicked on element
2021-04-09 07:24:13 INFO  Shopping:37 - Successfully cllicked on Proceed to checkout button
  &amp#27;[32mAnd &amp#27;[0m&amp#27;[32mUser clicks on Proceed to checkout on Summary Page&amp#27;[0m                           &amp#27;[90m# stepDefinition.PlaceOrder.user_clicks_on_proceed_to_checkout_on_summary_page()&amp#27;[0m
2021-04-09 07:24:14 INFO  Shopping:117 - Text entered Successfully
2021-04-09 07:24:14 INFO  Shopping:106 - Successfully clicked on element
2021-04-09 07:24:14 INFO  Shopping:46 - Successfully clicked on create an account button.
  &amp#27;[32mAnd &amp#27;[0m&amp#27;[32mUser enters email address inorder to create account&amp#27;[0m                          &amp#27;[90m# stepDefinition.PlaceOrder.user_enters_email_address_inorder_to_create_account()&amp#27;[0m
2021-04-09 07:24:16 INFO  Shopping:106 - Successfully clicked on element
2021-04-09 07:24:16 INFO  Shopping:87 - Successfully selected title: [[ChromeDriver: chrome on MAC (9a72106c5686895ba134cd5c574f670a)] -> xpath: //div[@class='radio-inline'][1]]
2021-04-09 07:24:17 INFO  Shopping:117 - Text entered Successfully
2021-04-09 07:24:17 INFO  Shopping:97 - Successfully entered firstname: Abhi
2021-04-09 07:24:17 INFO  Shopping:117 - Text entered Successfully
2021-04-09 07:24:17 INFO  Shopping:101 - Successfully entered lastname: Nagre
2021-04-09 07:24:17 INFO  Shopping:117 - Text entered Successfully
2021-04-09 07:24:17 INFO  Shopping:105 - Successfully entered password: Abhi$499
1
2021-04-09 07:24:17 INFO  Shopping:94 - Successfully selected value from the dropdown
2021-04-09 07:24:17 INFO  Shopping:94 - Successfully selected value from the dropdown
2021-04-09 07:24:17 INFO  Shopping:94 - Successfully selected value from the dropdown
2021-04-09 07:24:17 INFO  Shopping:113 - Successfully selected DoB: 19/1/2010
2021-04-09 07:24:17 INFO  Shopping:117 - Text entered Successfully
2021-04-09 07:24:17 INFO  Shopping:118 - Successfully entered company: WooliesX
2021-04-09 07:24:18 INFO  Shopping:117 - Text entered Successfully
2021-04-09 07:24:18 INFO  Shopping:122 - Successfully entered address: 2 Good St
2021-04-09 07:24:18 INFO  Shopping:117 - Text entered Successfully
2021-04-09 07:24:18 INFO  Shopping:126 - Successfully entered city: Sydney
2021-04-09 07:24:18 INFO  Shopping:83 - Successfully selected text from the dropdown
2021-04-09 07:24:18 INFO  Shopping:129 - Successfully selected state: Alaska
2021-04-09 07:24:18 INFO  Shopping:117 - Text entered Successfully
2021-04-09 07:24:18 INFO  Shopping:133 - Successfully entered postalcode: 00000
2021-04-09 07:24:18 INFO  Shopping:117 - Text entered Successfully
2021-04-09 07:24:18 INFO  Shopping:137 - Successfully entered mobilePhone: 0481019322
2021-04-09 07:24:21 INFO  Shopping:106 - Successfully clicked on element
  &amp#27;[32mAnd &amp#27;[0m&amp#27;[32mUser furnishes personal information to register&amp#27;[0m                              &amp#27;[90m# stepDefinition.PlaceOrder.user_furnishes_personal_information_to_register(io.cucumber.datatable.DataTable)&amp#27;[0m
2021-04-09 07:24:23 INFO  Shopping:106 - Successfully clicked on element
  &amp#27;[32mAnd &amp#27;[0m&amp#27;[32mUser clicks on Proceed to checkout on Address Page&amp#27;[0m                           &amp#27;[90m# stepDefinition.PlaceOrder.user_clicks_on_proceeds_to_checkout_on_address_page()&amp#27;[0m
2021-04-09 07:24:25 INFO  Shopping:106 - Successfully clicked on element
  &amp#27;[32mAnd &amp#27;[0m&amp#27;[32mUser proceeds to checkout on Shipping Page by agreeing to the terms&amp#27;[0m          &amp#27;[90m# stepDefinition.PlaceOrder.user_proceeds_to_checkout_on_shipping_page_by_agreeing_to_the_terms()&amp#27;[0m
2021-04-09 07:24:26 INFO  Shopping:106 - Successfully clicked on element
  &amp#27;[32mAnd &amp#27;[0m&amp#27;[32mUser selects payment option &amp#27;[0m&amp#27;[32m&amp#27;[1m"Pay by bank wire"&amp#27;[0m                               &amp#27;[90m# stepDefinition.PlaceOrder.user_selects_payment_option(java.lang.String)&amp#27;[0m
2021-04-09 07:24:29 INFO  Shopping:106 - Successfully clicked on element
  &amp#27;[32mAnd &amp#27;[0m&amp#27;[32mUser confirms the order&amp#27;[0m                                                      &amp#27;[90m# stepDefinition.PlaceOrder.user_confirms_the_order()&amp#27;[0m
2021-04-09 07:24:29 INFO  Shopping:47 - Message present on screen and verified successfully
  &amp#27;[32mThen &amp#27;[0m&amp#27;[32mUser receives confirmation message &amp#27;[0m&amp#27;[32m&amp#27;[1m"Your order on My Store is complete."&amp#27;[0m    &amp#27;[90m# stepDefinition.PlaceOrder.user_receives_confirmation_message(java.lang.String)&amp#27;[0m
2021-04-09 07:24:29 INFO  Shopping:29 - Place an order by selecting two different products from the sub category is Pass

    Embedding Place an order by selecting two different products from the sub category [image/png 332243 bytes]

2021-04-09 07:24:30 INFO  Shopping:38 - Browser closed Successfully
]]></system-out>
    <system-err><![CDATA[SLF4J: Failed to load class "org.slf4j.impl.StaticLoggerBinder".
SLF4J: Defaulting to no-operation (NOP) logger implementation
SLF4J: See http://www.slf4j.org/codes.html#StaticLoggerBinder for further details.
Starting ChromeDriver 89.0.4389.23 (61b08ee2c50024bab004e48d2b1b083cdbdac579-refs/branch-heads/4389@{#294}) on port 23318
Only local connections are allowed.
Please see https://chromedriver.chromium.org/security-considerations for suggestions on keeping ChromeDriver safe.
ChromeDriver was started successfully.
Apr 09, 2021 7:23:53 AM org.openqa.selenium.remote.ProtocolHandshake createSession
INFO: Detected dialect: W3C
]]></system-err>
  </testcase>
</testsuite>